2020-04-26 20:56:36.361[main][main] INFO  c.s.vhrend.VhrEndApplication - Starting VhrEndApplication on SKY-20200115AVJ with PID 4204 (D:\study\PracticalTraining\vhr-end\target\classes started by Administrator in D:\study\PracticalTraining\vhr-end)
2020-04-26 20:56:36.369[main][main] INFO  c.s.vhrend.VhrEndApplication - No active profile set, falling back to default profiles: default
2020-04-26 20:56:37.967[main][main] DEBUG org.apache.ibatis.logging.LogFactory - Logging initialized using 'class org.apache.ibatis.logging.slf4j.Slf4jImpl' adapter.
2020-04-26 20:56:38.627[main][main] INFO  o.s.b.w.e.tomcat.TomcatWebServer - Tomcat initialized with port(s): 8080 (http)
2020-04-26 20:56:38.640[main][main] INFO  o.a.coyote.http11.Http11NioProtocol - Initializing ProtocolHandler ["http-nio-8080"]
2020-04-26 20:56:38.641[main][main] INFO  o.a.catalina.core.StandardService - Starting service [Tomcat]
2020-04-26 20:56:38.641[main][main] INFO  o.a.catalina.core.StandardEngine - Starting Servlet engine: [Apache Tomcat/9.0.33]
2020-04-26 20:56:38.643[main][main] INFO  o.a.c.core.AprLifecycleListener - Loaded APR based Apache Tomcat Native library [1.2.23] using APR version [1.7.0].
2020-04-26 20:56:38.644[main][main] INFO  o.a.c.core.AprLifecycleListener - APR capabilities: IPv6 [true], sendfile [true], accept filters [false], random [true].
2020-04-26 20:56:38.644[main][main] INFO  o.a.c.core.AprLifecycleListener - APR/OpenSSL configuration: useAprConnector [false], useOpenSSL [true]
2020-04-26 20:56:38.660[main][main] INFO  o.a.c.core.AprLifecycleListener - OpenSSL successfully initialized [OpenSSL 1.1.1c  28 May 2019]
2020-04-26 20:56:38.859[main][main] INFO  o.a.c.c.C.[Tomcat].[localhost].[/] - Initializing Spring embedded WebApplicationContext
2020-04-26 20:56:38.861[main][main] INFO  o.s.web.context.ContextLoader - Root WebApplicationContext: initialization completed in 2301 ms
2020-04-26 20:56:39.103[main][main] INFO  c.a.d.s.b.a.DruidDataSourceAutoConfigure - Init DruidDataSource
2020-04-26 20:56:39.305[main][main] INFO  c.alibaba.druid.pool.DruidDataSource - {dataSource-1} inited
2020-04-26 20:56:39.965[main][main] INFO  s.d.s.w.PropertySourcedRequestMappingHandlerMapping - Mapped URL path [/v2/api-docs] onto method [springfox.documentation.swagger2.web.Swagger2Controller#getDocumentation(String, HttpServletRequest)]
2020-04-26 20:56:40.059[main][main] INFO  o.s.s.c.ThreadPoolTaskExecutor - Initializing ExecutorService 'applicationTaskExecutor'
2020-04-26 20:56:40.294[main][main] INFO  o.s.s.web.DefaultSecurityFilterChain - Creating filter chain: any request, [org.springframework.security.web.context.request.async.WebAsyncManagerIntegrationFilter@756c67cd, org.springframework.security.web.context.SecurityContextPersistenceFilter@24aedcc5, org.springframework.security.web.header.HeaderWriterFilter@7dd3981e, org.springframework.security.web.authentication.logout.LogoutFilter@601f264d, org.springframework.security.web.authentication.UsernamePasswordAuthenticationFilter@6eaa6b0c, org.springframework.security.web.savedrequest.RequestCacheAwareFilter@1850f2da, org.springframework.security.web.servletapi.SecurityContextHolderAwareRequestFilter@770cae59, org.springframework.security.web.authentication.AnonymousAuthenticationFilter@50de907a, org.springframework.security.web.session.SessionManagementFilter@4a04ca74, org.springframework.security.web.access.ExceptionTranslationFilter@443af394, org.springframework.security.web.access.intercept.FilterSecurityInterceptor@c6a692e]
2020-04-26 20:56:40.335[main][main] INFO  s.d.s.w.p.DocumentationPluginsBootstrapper - Context refreshed
2020-04-26 20:56:40.361[main][main] INFO  s.d.s.w.p.DocumentationPluginsBootstrapper - Found 1 custom documentation plugin(s)
2020-04-26 20:56:40.400[main][main] INFO  s.d.s.w.s.ApiListingReferenceScanner - Scanning for api listing references
2020-04-26 20:56:40.418[main][main] INFO  o.a.coyote.http11.Http11NioProtocol - Starting ProtocolHandler ["http-nio-8080"]
2020-04-26 20:56:40.439[main][main] INFO  o.s.b.w.e.tomcat.TomcatWebServer - Tomcat started on port(s): 8080 (http) with context path ''
2020-04-26 20:56:40.443[main][main] INFO  c.s.vhrend.VhrEndApplication - Started VhrEndApplication in 4.976 seconds (JVM running for 6.088)
2020-04-26 20:58:19.050[http-nio-8080-exec-1][http-nio-8080-exec-1] INFO  o.a.c.c.C.[Tomcat].[localhost].[/] - Initializing Spring DispatcherServlet 'dispatcherServlet'
2020-04-26 20:58:19.052[http-nio-8080-exec-1][http-nio-8080-exec-1] INFO  o.s.web.servlet.DispatcherServlet - Initializing Servlet 'dispatcherServlet'
2020-04-26 20:58:19.057[http-nio-8080-exec-1][http-nio-8080-exec-1] INFO  o.s.web.servlet.DispatcherServlet - Completed initialization in 5 ms
2020-04-26 20:58:19.195[http-nio-8080-exec-1][http-nio-8080-exec-1] WARN  o.a.c.util.SessionIdGeneratorBase - Creation of SecureRandom instance for session ID generation using [SHA1PRNG] took [105] milliseconds.
2020-04-26 21:00:15.494[http-nio-8080-exec-6][http-nio-8080-exec-6] DEBUG c.s.v.m.HrMapper.loadUserByUsername - ==>  Preparing: select * from hr where username=? 
2020-04-26 21:00:15.592[http-nio-8080-exec-6][http-nio-8080-exec-6] DEBUG c.s.v.m.HrMapper.loadUserByUsername - ==> Parameters: admin(String)
2020-04-26 21:00:16.032[http-nio-8080-exec-6][http-nio-8080-exec-6] DEBUG c.s.v.m.HrMapper.loadUserByUsername - <==      Total: 1
2020-04-26 21:00:16.034[http-nio-8080-exec-7][http-nio-8080-exec-7] DEBUG c.s.v.m.HrMapper.loadUserByUsername - ==>  Preparing: select * from hr where username=? 
2020-04-26 21:00:16.034[http-nio-8080-exec-7][http-nio-8080-exec-7] DEBUG c.s.v.m.HrMapper.loadUserByUsername - ==> Parameters: admin(String)
2020-04-26 21:00:16.036[http-nio-8080-exec-7][http-nio-8080-exec-7] DEBUG c.s.v.m.HrMapper.loadUserByUsername - <==      Total: 1
2020-04-26 21:00:16.158[http-nio-8080-exec-8][http-nio-8080-exec-8] DEBUG c.s.v.m.MenuMapper.getMenusByHrId - ==>  Preparing: select distinct m1.*, m2.id as id2, m2.component as component2, m2.enabled as enabled2, m2.iconCls as iconCls2, m2.keepAlive as keepAlive2, m2.name as name2, m2.parentId as parentid2, m2.requireAuth as requireAuth2, m2.path as path2 from menu m1, menu m2, hr_role hrr, menu_role mr where m1.id=m2.parentId and hrr.hrid=? and hrr.rid=mr.rid and mr.mid=m2.id and m2.enabled=true order by m1.id, m2.id 
2020-04-26 21:00:16.158[http-nio-8080-exec-8][http-nio-8080-exec-8] DEBUG c.s.v.m.MenuMapper.getMenusByHrId - ==> Parameters: 3(Integer)
2020-04-26 21:00:18.108[http-nio-8080-exec-8][http-nio-8080-exec-8] DEBUG c.s.v.m.MenuMapper.getMenusByHrId - <==      Total: 21
2020-04-26 21:00:20.564[http-nio-8080-exec-9][http-nio-8080-exec-9] DEBUG c.s.v.m.P.selectAllPosition - ==>  Preparing: select * from position 
2020-04-26 21:00:20.565[http-nio-8080-exec-9][http-nio-8080-exec-9] DEBUG c.s.v.m.P.selectAllPosition - ==> Parameters: 
2020-04-26 21:00:20.568[http-nio-8080-exec-9][http-nio-8080-exec-9] DEBUG c.s.v.m.P.selectAllPosition - <==      Total: 6
2020-04-26 21:01:21.711[http-nio-8080-exec-3][http-nio-8080-exec-3] WARN  s.d.swagger2.web.Swagger2Controller - Unable to find specification for group API
2020-04-26 21:06:03.858[restartedMain][restartedMain] INFO  c.s.vhrend.VhrEndApplication - Starting VhrEndApplication on SKY-20200115AVJ with PID 17012 (D:\study\PracticalTraining\vhr-end\target\classes started by Administrator in D:\study\PracticalTraining\vhr-end)
2020-04-26 21:06:03.861[restartedMain][restartedMain] INFO  c.s.vhrend.VhrEndApplication - No active profile set, falling back to default profiles: default
2020-04-26 21:06:03.913[restartedMain][restartedMain] INFO  o.s.b.d.restart.ChangeableUrls - The Class-Path manifest attribute in D:\tools\maven_jar\org\glassfish\jaxb\jaxb-runtime\2.3.2\jaxb-runtime-2.3.2.jar referenced one or more files that do not exist: file:/D:/tools/maven_jar/org/glassfish/jaxb/jaxb-runtime/2.3.2/jakarta.xml.bind-api-2.3.2.jar,file:/D:/tools/maven_jar/org/glassfish/jaxb/jaxb-runtime/2.3.2/txw2-2.3.2.jar,file:/D:/tools/maven_jar/org/glassfish/jaxb/jaxb-runtime/2.3.2/istack-commons-runtime-3.0.8.jar,file:/D:/tools/maven_jar/org/glassfish/jaxb/jaxb-runtime/2.3.2/stax-ex-1.8.1.jar,file:/D:/tools/maven_jar/org/glassfish/jaxb/jaxb-runtime/2.3.2/FastInfoset-1.2.16.jar,file:/D:/tools/maven_jar/org/glassfish/jaxb/jaxb-runtime/2.3.2/jakarta.activation-api-1.2.1.jar
2020-04-26 21:06:03.914[restartedMain][restartedMain] INFO  o.s.b.d.e.DevToolsPropertyDefaultsPostProcessor - Devtools property defaults active! Set 'spring.devtools.add-properties' to 'false' to disable
2020-04-26 21:06:03.914[restartedMain][restartedMain] INFO  o.s.b.d.e.DevToolsPropertyDefaultsPostProcessor - For additional web related logging consider setting the 'logging.level.web' property to 'DEBUG'
2020-04-26 21:06:04.764[restartedMain][restartedMain] INFO  o.s.d.r.c.RepositoryConfigurationDelegate - Bootstrapping Spring Data JPA repositories in DEFAULT mode.
2020-04-26 21:06:04.798[restartedMain][restartedMain] INFO  o.s.d.r.c.RepositoryConfigurationDelegate - Finished Spring Data repository scanning in 22ms. Found 0 JPA repository interfaces.
2020-04-26 21:06:04.924[restartedMain][restartedMain] DEBUG org.apache.ibatis.logging.LogFactory - Logging initialized using 'class org.apache.ibatis.logging.slf4j.Slf4jImpl' adapter.
2020-04-26 21:06:05.326[restartedMain][restartedMain] INFO  o.s.b.w.e.tomcat.TomcatWebServer - Tomcat initialized with port(s): 8080 (http)
2020-04-26 21:06:05.333[restartedMain][restartedMain] INFO  o.a.coyote.http11.Http11NioProtocol - Initializing ProtocolHandler ["http-nio-8080"]
2020-04-26 21:06:05.333[restartedMain][restartedMain] INFO  o.a.catalina.core.StandardService - Starting service [Tomcat]
2020-04-26 21:06:05.333[restartedMain][restartedMain] INFO  o.a.catalina.core.StandardEngine - Starting Servlet engine: [Apache Tomcat/9.0.33]
2020-04-26 21:06:05.335[restartedMain][restartedMain] INFO  o.a.c.core.AprLifecycleListener - Loaded APR based Apache Tomcat Native library [1.2.23] using APR version [1.7.0].
2020-04-26 21:06:05.335[restartedMain][restartedMain] INFO  o.a.c.core.AprLifecycleListener - APR capabilities: IPv6 [true], sendfile [true], accept filters [false], random [true].
2020-04-26 21:06:05.335[restartedMain][restartedMain] INFO  o.a.c.core.AprLifecycleListener - APR/OpenSSL configuration: useAprConnector [false], useOpenSSL [true]
2020-04-26 21:06:05.338[restartedMain][restartedMain] INFO  o.a.c.core.AprLifecycleListener - OpenSSL successfully initialized [OpenSSL 1.1.1c  28 May 2019]
2020-04-26 21:06:05.425[restartedMain][restartedMain] INFO  o.a.c.c.C.[Tomcat].[localhost].[/] - Initializing Spring embedded WebApplicationContext
2020-04-26 21:06:05.425[restartedMain][restartedMain] INFO  o.s.web.context.ContextLoader - Root WebApplicationContext: initialization completed in 1511 ms
2020-04-26 21:06:05.478[restartedMain][restartedMain] INFO  c.a.d.s.b.a.DruidDataSourceAutoConfigure - Init DruidDataSource
2020-04-26 21:06:05.557[restartedMain][restartedMain] INFO  c.alibaba.druid.pool.DruidDataSource - {dataSource-1} inited
2020-04-26 21:06:05.781[restartedMain][restartedMain] INFO  o.h.jpa.internal.util.LogHelper - HHH000204: Processing PersistenceUnitInfo [name: default]
2020-04-26 21:06:05.911[restartedMain][restartedMain] INFO  org.hibernate.Version - HHH000412: Hibernate ORM core version 5.4.12.Final
2020-04-26 21:06:06.162[restartedMain][restartedMain] INFO  o.h.annotations.common.Version - HCANN000001: Hibernate Commons Annotations {5.1.0.Final}
2020-04-26 21:06:06.368[restartedMain][restartedMain] INFO  org.hibernate.dialect.Dialect - HHH000400: Using dialect: org.hibernate.dialect.MySQL57Dialect
2020-04-26 21:06:06.704[restartedMain][restartedMain] INFO  o.h.e.t.j.p.i.JtaPlatformInitiator - HHH000490: Using JtaPlatform implementation: [org.hibernate.engine.transaction.jta.platform.internal.NoJtaPlatform]
2020-04-26 21:06:06.720[restartedMain][restartedMain] INFO  o.s.o.j.LocalContainerEntityManagerFactoryBean - Initialized JPA EntityManagerFactory for persistence unit 'default'
2020-04-26 21:06:06.756[restartedMain][restartedMain] WARN  o.s.b.a.o.j.JpaBaseConfiguration$JpaWebConfiguration - spring.jpa.open-in-view is enabled by default. Therefore, database queries may be performed during view rendering. Explicitly configure spring.jpa.open-in-view to disable this warning
2020-04-26 21:06:07.307[restartedMain][restartedMain] INFO  s.d.s.w.PropertySourcedRequestMappingHandlerMapping - Mapped URL path [/v2/api-docs] onto method [springfox.documentation.swagger2.web.Swagger2Controller#getDocumentation(String, HttpServletRequest)]
2020-04-26 21:06:07.401[restartedMain][restartedMain] INFO  o.s.s.c.ThreadPoolTaskExecutor - Initializing ExecutorService 'applicationTaskExecutor'
2020-04-26 21:06:07.435[restartedMain][restartedMain] INFO  o.s.b.d.a.OptionalLiveReloadServer - LiveReload server is running on port 35729
2020-04-26 21:06:07.617[restartedMain][restartedMain] INFO  o.s.s.web.DefaultSecurityFilterChain - Creating filter chain: any request, [org.springframework.security.web.context.request.async.WebAsyncManagerIntegrationFilter@1523accb, org.springframework.security.web.context.SecurityContextPersistenceFilter@1b3a67f6, org.springframework.security.web.header.HeaderWriterFilter@e440c92, org.springframework.security.web.authentication.logout.LogoutFilter@37de70d2, org.springframework.security.web.authentication.UsernamePasswordAuthenticationFilter@73046ca9, org.springframework.security.web.savedrequest.RequestCacheAwareFilter@2ad960d3, org.springframework.security.web.servletapi.SecurityContextHolderAwareRequestFilter@6f78efab, org.springframework.security.web.authentication.AnonymousAuthenticationFilter@3e1976bf, org.springframework.security.web.session.SessionManagementFilter@47b35f42, org.springframework.security.web.access.ExceptionTranslationFilter@10c1f16e, org.springframework.security.web.access.intercept.FilterSecurityInterceptor@2ddb26f1]
2020-04-26 21:06:07.686[restartedMain][restartedMain] INFO  s.d.s.w.p.DocumentationPluginsBootstrapper - Context refreshed
2020-04-26 21:06:07.696[restartedMain][restartedMain] INFO  s.d.s.w.p.DocumentationPluginsBootstrapper - Found 1 custom documentation plugin(s)
2020-04-26 21:06:07.729[restartedMain][restartedMain] INFO  s.d.s.w.s.ApiListingReferenceScanner - Scanning for api listing references
2020-04-26 21:06:07.813[restartedMain][restartedMain] WARN  s.d.s.w.r.p.ParameterDataTypeReader - Trying to infer dataType java.lang.Integer[]
2020-04-26 21:06:07.821[restartedMain][restartedMain] INFO  s.d.s.w.r.o.CachingOperationNameGenerator - Generating unique operation named: deletePositionUsingDELETE_1
2020-04-26 21:06:07.847[restartedMain][restartedMain] INFO  o.a.coyote.http11.Http11NioProtocol - Starting ProtocolHandler ["http-nio-8080"]
2020-04-26 21:06:07.882[restartedMain][restartedMain] INFO  o.s.b.w.e.tomcat.TomcatWebServer - Tomcat started on port(s): 8080 (http) with context path ''
2020-04-26 21:06:07.884[restartedMain][restartedMain] INFO  c.s.vhrend.VhrEndApplication - Started VhrEndApplication in 4.491 seconds (JVM running for 5.427)
2020-04-26 21:06:13.547[http-nio-8080-exec-1][http-nio-8080-exec-1] INFO  o.a.c.c.C.[Tomcat].[localhost].[/] - Initializing Spring DispatcherServlet 'dispatcherServlet'
2020-04-26 21:06:13.549[http-nio-8080-exec-1][http-nio-8080-exec-1] INFO  o.s.web.servlet.DispatcherServlet - Initializing Servlet 'dispatcherServlet'
2020-04-26 21:06:13.556[http-nio-8080-exec-1][http-nio-8080-exec-1] INFO  o.s.web.servlet.DispatcherServlet - Completed initialization in 7 ms
2020-04-26 21:06:13.718[http-nio-8080-exec-1][http-nio-8080-exec-1] WARN  o.a.c.util.SessionIdGeneratorBase - Creation of SecureRandom instance for session ID generation using [SHA1PRNG] took [128] milliseconds.
2020-04-26 21:06:39.967[http-nio-8080-exec-4][http-nio-8080-exec-4] DEBUG c.s.v.m.HrMapper.loadUserByUsername - ==>  Preparing: select * from hr where username=? 
2020-04-26 21:06:39.984[http-nio-8080-exec-4][http-nio-8080-exec-4] DEBUG c.s.v.m.HrMapper.loadUserByUsername - ==> Parameters: admin(String)
2020-04-26 21:06:40.011[http-nio-8080-exec-4][http-nio-8080-exec-4] DEBUG c.s.v.m.HrMapper.loadUserByUsername - <==      Total: 1
2020-04-26 21:06:40.138[http-nio-8080-exec-5][http-nio-8080-exec-5] DEBUG c.s.v.m.MenuMapper.getMenusByHrId - ==>  Preparing: select distinct m1.*, m2.id as id2, m2.component as component2, m2.enabled as enabled2, m2.iconCls as iconCls2, m2.keepAlive as keepAlive2, m2.name as name2, m2.parentId as parentid2, m2.requireAuth as requireAuth2, m2.path as path2 from menu m1, menu m2, hr_role hrr, menu_role mr where m1.id=m2.parentId and hrr.hrid=? and hrr.rid=mr.rid and mr.mid=m2.id and m2.enabled=true order by m1.id, m2.id 
2020-04-26 21:06:40.139[http-nio-8080-exec-5][http-nio-8080-exec-5] DEBUG c.s.v.m.MenuMapper.getMenusByHrId - ==> Parameters: 3(Integer)
2020-04-26 21:06:40.179[http-nio-8080-exec-5][http-nio-8080-exec-5] DEBUG c.s.v.m.MenuMapper.getMenusByHrId - <==      Total: 21
2020-04-26 21:21:21.666[http-nio-8080-exec-5][http-nio-8080-exec-5] DEBUG c.s.v.m.P.selectAllPosition - ==>  Preparing: select * from position 
2020-04-26 21:21:21.667[http-nio-8080-exec-5][http-nio-8080-exec-5] DEBUG c.s.v.m.P.selectAllPosition - ==> Parameters: 
2020-04-26 21:21:21.683[http-nio-8080-exec-5][http-nio-8080-exec-5] DEBUG c.s.v.m.P.selectAllPosition - <==      Total: 6
